{"/Users/mathsena/Desktop/Projetos/semana-js-expert06/public/controller/js/view.js": {"path":"/Users/mathsena/Desktop/Projetos/semana-js-expert06/public/controller/js/view.js","statementMap":{"0":{"start":{"line":3,"column":4},"end":{"line":3,"column":52}},"1":{"start":{"line":4,"column":4},"end":{"line":4,"column":50}},"2":{"start":{"line":5,"column":4},"end":{"line":5,"column":72}},"3":{"start":{"line":5,"column":25},"end":{"line":5,"column":72}},"4":{"start":{"line":7,"column":4},"end":{"line":7,"column":48}},"5":{"start":{"line":9,"column":4},"end":{"line":9,"column":32}},"6":{"start":{"line":11,"column":4},"end":{"line":11,"column":34}},"7":{"start":{"line":15,"column":4},"end":{"line":15,"column":38}},"8":{"start":{"line":16,"column":4},"end":{"line":16,"column":58}},"9":{"start":{"line":20,"column":4},"end":{"line":25,"column":6}},"10":{"start":{"line":21,"column":17},"end":{"line":21,"column":40}},"11":{"start":{"line":22,"column":6},"end":{"line":22,"column":37}},"12":{"start":{"line":24,"column":6},"end":{"line":24,"column":32}},"13":{"start":{"line":28,"column":4},"end":{"line":28,"column":24}},"14":{"start":{"line":32,"column":20},"end":{"line":32,"column":29}},"15":{"start":{"line":33,"column":4},"end":{"line":33,"column":34}},"16":{"start":{"line":34,"column":4},"end":{"line":34,"column":25}},"17":{"start":{"line":35,"column":4},"end":{"line":35,"column":43}},"18":{"start":{"line":37,"column":4},"end":{"line":39,"column":46}},"19":{"start":{"line":38,"column":21},"end":{"line":38,"column":52}},"20":{"start":{"line":43,"column":17},"end":{"line":43,"column":44}},"21":{"start":{"line":44,"column":4},"end":{"line":44,"column":38}},"22":{"start":{"line":44,"column":32},"end":{"line":44,"column":38}},"23":{"start":{"line":46,"column":4},"end":{"line":49,"column":5}},"24":{"start":{"line":47,"column":6},"end":{"line":47,"column":45}},"25":{"start":{"line":48,"column":6},"end":{"line":48,"column":12}},"26":{"start":{"line":51,"column":4},"end":{"line":51,"column":48}},"27":{"start":{"line":57,"column":8},"end":{"line":57,"column":11}},"28":{"start":{"line":59,"column":4},"end":{"line":59,"column":43}},"29":{"start":{"line":61,"column":4},"end":{"line":61,"column":36}},"30":{"start":{"line":62,"column":4},"end":{"line":65,"column":5}},"31":{"start":{"line":63,"column":12},"end":{"line":63,"column":51}},"32":{"start":{"line":69,"column":4},"end":{"line":72,"column":5}},"33":{"start":{"line":70,"column":6},"end":{"line":70,"column":29}},"34":{"start":{"line":71,"column":6},"end":{"line":71,"column":12}},"35":{"start":{"line":74,"column":4},"end":{"line":74,"column":30}},"36":{"start":{"line":78,"column":4},"end":{"line":78,"column":30}},"37":{"start":{"line":79,"column":4},"end":{"line":79,"column":42}},"38":{"start":{"line":81,"column":4},"end":{"line":81,"column":37}},"39":{"start":{"line":85,"column":20},"end":{"line":85,"column":45}},"40":{"start":{"line":87,"column":4},"end":{"line":87,"column":64}},"41":{"start":{"line":87,"column":35},"end":{"line":87,"column":63}},"42":{"start":{"line":90,"column":4},"end":{"line":94,"column":5}},"43":{"start":{"line":91,"column":6},"end":{"line":91,"column":43}},"44":{"start":{"line":92,"column":6},"end":{"line":92,"column":45}},"45":{"start":{"line":93,"column":6},"end":{"line":93,"column":12}},"46":{"start":{"line":96,"column":4},"end":{"line":96,"column":40}},"47":{"start":{"line":97,"column":4},"end":{"line":97,"column":44}}},"fnMap":{"0":{"name":"(anonymous_0)","decl":{"start":{"line":2,"column":2},"end":{"line":2,"column":3}},"loc":{"start":{"line":2,"column":16},"end":{"line":12,"column":3}},"line":2},"1":{"name":"(anonymous_1)","decl":{"start":{"line":5,"column":19},"end":{"line":5,"column":20}},"loc":{"start":{"line":5,"column":25},"end":{"line":5,"column":72}},"line":5},"2":{"name":"onBtnClick","decl":{"start":{"line":8,"column":19},"end":{"line":8,"column":29}},"loc":{"start":{"line":8,"column":32},"end":{"line":8,"column":34}},"line":8},"3":{"name":"(anonymous_3)","decl":{"start":{"line":14,"column":2},"end":{"line":14,"column":3}},"loc":{"start":{"line":14,"column":11},"end":{"line":17,"column":3}},"line":14},"4":{"name":"(anonymous_4)","decl":{"start":{"line":19,"column":2},"end":{"line":19,"column":3}},"loc":{"start":{"line":19,"column":43},"end":{"line":26,"column":3}},"line":19},"5":{"name":"(anonymous_5)","decl":{"start":{"line":20,"column":68},"end":{"line":20,"column":69}},"loc":{"start":{"line":20,"column":75},"end":{"line":25,"column":5}},"line":20},"6":{"name":"onClickReset","decl":{"start":{"line":23,"column":15},"end":{"line":23,"column":27}},"loc":{"start":{"line":23,"column":30},"end":{"line":23,"column":32}},"line":23},"7":{"name":"(anonymous_7)","decl":{"start":{"line":27,"column":2},"end":{"line":27,"column":3}},"loc":{"start":{"line":27,"column":26},"end":{"line":29,"column":3}},"line":27},"8":{"name":"(anonymous_8)","decl":{"start":{"line":31,"column":2},"end":{"line":31,"column":3}},"loc":{"start":{"line":31,"column":54},"end":{"line":40,"column":3}},"line":31},"9":{"name":"(anonymous_9)","decl":{"start":{"line":38,"column":14},"end":{"line":38,"column":15}},"loc":{"start":{"line":38,"column":21},"end":{"line":38,"column":52}},"line":38},"10":{"name":"(anonymous_10)","decl":{"start":{"line":42,"column":2},"end":{"line":42,"column":3}},"loc":{"start":{"line":42,"column":22},"end":{"line":52,"column":3}},"line":42},"11":{"name":"(anonymous_11)","decl":{"start":{"line":54,"column":2},"end":{"line":54,"column":3}},"loc":{"start":{"line":54,"column":28},"end":{"line":66,"column":3}},"line":54},"12":{"name":"(anonymous_12)","decl":{"start":{"line":63,"column":6},"end":{"line":63,"column":7}},"loc":{"start":{"line":63,"column":12},"end":{"line":63,"column":51}},"line":63},"13":{"name":"(anonymous_13)","decl":{"start":{"line":68,"column":2},"end":{"line":68,"column":3}},"loc":{"start":{"line":68,"column":37},"end":{"line":75,"column":3}},"line":68},"14":{"name":"(anonymous_14)","decl":{"start":{"line":77,"column":2},"end":{"line":77,"column":3}},"loc":{"start":{"line":77,"column":43},"end":{"line":82,"column":3}},"line":77},"15":{"name":"(anonymous_15)","decl":{"start":{"line":84,"column":2},"end":{"line":84,"column":3}},"loc":{"start":{"line":84,"column":29},"end":{"line":88,"column":3}},"line":84},"16":{"name":"(anonymous_16)","decl":{"start":{"line":87,"column":27},"end":{"line":87,"column":28}},"loc":{"start":{"line":87,"column":35},"end":{"line":87,"column":63}},"line":87},"17":{"name":"(anonymous_17)","decl":{"start":{"line":89,"column":2},"end":{"line":89,"column":3}},"loc":{"start":{"line":89,"column":32},"end":{"line":98,"column":3}},"line":89}},"branchMap":{"0":{"loc":{"start":{"line":19,"column":30},"end":{"line":19,"column":41}},"type":"default-arg","locations":[{"start":{"line":19,"column":37},"end":{"line":19,"column":41}}],"line":19},"1":{"loc":{"start":{"line":21,"column":17},"end":{"line":21,"column":40}},"type":"cond-expr","locations":[{"start":{"line":21,"column":24},"end":{"line":21,"column":29}},{"start":{"line":21,"column":32},"end":{"line":21,"column":40}}],"line":21},"2":{"loc":{"start":{"line":44,"column":4},"end":{"line":44,"column":38}},"type":"if","locations":[{"start":{"line":44,"column":4},"end":{"line":44,"column":38}},{"start":{},"end":{}}],"line":44},"3":{"loc":{"start":{"line":46,"column":4},"end":{"line":49,"column":5}},"type":"if","locations":[{"start":{"line":46,"column":4},"end":{"line":49,"column":5}},{"start":{},"end":{}}],"line":46},"4":{"loc":{"start":{"line":69,"column":4},"end":{"line":72,"column":5}},"type":"if","locations":[{"start":{"line":69,"column":4},"end":{"line":72,"column":5}},{"start":{},"end":{}}],"line":69},"5":{"loc":{"start":{"line":89,"column":17},"end":{"line":89,"column":30}},"type":"default-arg","locations":[{"start":{"line":89,"column":26},"end":{"line":89,"column":30}}],"line":89},"6":{"loc":{"start":{"line":90,"column":4},"end":{"line":94,"column":5}},"type":"if","locations":[{"start":{"line":90,"column":4},"end":{"line":94,"column":5}},{"start":{},"end":{}}],"line":90}},"s":{"0":3,"1":3,"2":3,"3":0,"4":3,"5":3,"6":3,"7":1,"8":1,"9":2,"10":2,"11":2,"12":2,"13":0,"14":0,"15":0,"16":0,"17":0,"18":0,"19":0,"20":0,"21":0,"22":0,"23":0,"24":0,"25":0,"26":0,"27":0,"28":0,"29":0,"30":0,"31":0,"32":0,"33":0,"34":0,"35":0,"36":0,"37":0,"38":0,"39":0,"40":0,"41":0,"42":0,"43":0,"44":0,"45":0,"46":0,"47":0},"f":{"0":3,"1":0,"2":0,"3":1,"4":2,"5":2,"6":2,"7":0,"8":0,"9":0,"10":0,"11":0,"12":0,"13":0,"14":0,"15":0,"16":0,"17":0},"b":{"0":[1],"1":[1,1],"2":[0,0],"3":[0,0],"4":[0,0],"5":[0],"6":[0,0]},"_coverageSchema":"1a1c01bbd47fc00a2c39e90264f33305004495a9","hash":"c94b082380c125158cd1d578acb2f5c18cf10029"}
,"/Users/mathsena/Desktop/Projetos/semana-js-expert06/server/config.js": {"path":"/Users/mathsena/Desktop/Projetos/semana-js-expert06/server/config.js","statementMap":{"0":{"start":{"line":3,"column":19},"end":{"line":3,"column":58}},"1":{"start":{"line":4,"column":13},"end":{"line":4,"column":36}},"2":{"start":{"line":5,"column":23},"end":{"line":5,"column":42}},"3":{"start":{"line":6,"column":24},"end":{"line":6,"column":44}},"4":{"start":{"line":7,"column":23},"end":{"line":7,"column":52}}},"fnMap":{},"branchMap":{"0":{"loc":{"start":{"line":9,"column":8},"end":{"line":9,"column":32}},"type":"binary-expr","locations":[{"start":{"line":9,"column":8},"end":{"line":9,"column":24}},{"start":{"line":9,"column":28},"end":{"line":9,"column":32}}],"line":9}},"s":{"0":1,"1":1,"2":1,"3":1,"4":1},"f":{},"b":{"0":[1,1]},"_coverageSchema":"1a1c01bbd47fc00a2c39e90264f33305004495a9","hash":"bfad993e8968a897a59786cfad1bd86ed058f04e"}
,"/Users/mathsena/Desktop/Projetos/semana-js-expert06/server/controller.js": {"path":"/Users/mathsena/Desktop/Projetos/semana-js-expert06/server/controller.js","statementMap":{"0":{"start":{"line":6,"column":4},"end":{"line":6,"column":32}},"1":{"start":{"line":10,"column":4},"end":{"line":10,"column":47}},"2":{"start":{"line":13,"column":4},"end":{"line":13,"column":47}},"3":{"start":{"line":14,"column":19},"end":{"line":16,"column":5}},"4":{"start":{"line":18,"column":16},"end":{"line":18,"column":37}},"5":{"start":{"line":19,"column":4},"end":{"line":22,"column":5}},"6":{"start":{"line":20,"column":6},"end":{"line":20,"column":36}},"7":{"start":{"line":21,"column":6},"end":{"line":21,"column":19}},"8":{"start":{"line":24,"column":4},"end":{"line":27,"column":5}},"9":{"start":{"line":25,"column":6},"end":{"line":25,"column":35}},"10":{"start":{"line":26,"column":6},"end":{"line":26,"column":19}},"11":{"start":{"line":31,"column":33},"end":{"line":31,"column":66}},"12":{"start":{"line":33,"column":20},"end":{"line":36,"column":5}},"13":{"start":{"line":34,"column":6},"end":{"line":34,"column":48}},"14":{"start":{"line":35,"column":6},"end":{"line":35,"column":41}},"15":{"start":{"line":38,"column":4},"end":{"line":41,"column":5}}},"fnMap":{"0":{"name":"(anonymous_0)","decl":{"start":{"line":5,"column":2},"end":{"line":5,"column":3}},"loc":{"start":{"line":5,"column":16},"end":{"line":7,"column":3}},"line":5},"1":{"name":"(anonymous_1)","decl":{"start":{"line":9,"column":2},"end":{"line":9,"column":3}},"loc":{"start":{"line":9,"column":32},"end":{"line":11,"column":3}},"line":9},"2":{"name":"(anonymous_2)","decl":{"start":{"line":12,"column":2},"end":{"line":12,"column":3}},"loc":{"start":{"line":12,"column":35},"end":{"line":28,"column":3}},"line":12},"3":{"name":"(anonymous_3)","decl":{"start":{"line":30,"column":2},"end":{"line":30,"column":3}},"loc":{"start":{"line":30,"column":23},"end":{"line":42,"column":3}},"line":30},"4":{"name":"(anonymous_4)","decl":{"start":{"line":33,"column":20},"end":{"line":33,"column":21}},"loc":{"start":{"line":33,"column":26},"end":{"line":36,"column":5}},"line":33}},"branchMap":{"0":{"loc":{"start":{"line":19,"column":4},"end":{"line":22,"column":5}},"type":"if","locations":[{"start":{"line":19,"column":4},"end":{"line":22,"column":5}},{"start":{},"end":{}}],"line":19},"1":{"loc":{"start":{"line":24,"column":4},"end":{"line":27,"column":5}},"type":"if","locations":[{"start":{"line":24,"column":4},"end":{"line":27,"column":5}},{"start":{},"end":{}}],"line":24}},"s":{"0":1,"1":0,"2":0,"3":0,"4":0,"5":0,"6":0,"7":0,"8":0,"9":0,"10":0,"11":0,"12":0,"13":0,"14":0,"15":0},"f":{"0":1,"1":0,"2":0,"3":0,"4":0},"b":{"0":[0,0],"1":[0,0]},"_coverageSchema":"1a1c01bbd47fc00a2c39e90264f33305004495a9","hash":"31e2739377deb448809f60fa6b12111e6652c863"}
,"/Users/mathsena/Desktop/Projetos/semana-js-expert06/server/routes.js": {"path":"/Users/mathsena/Desktop/Projetos/semana-js-expert06/server/routes.js","statementMap":{"0":{"start":{"line":8,"column":4},"end":{"line":8,"column":10}},"1":{"start":{"line":10,"column":19},"end":{"line":10,"column":35}},"2":{"start":{"line":12,"column":26},"end":{"line":12,"column":33}},"3":{"start":{"line":14,"column":2},"end":{"line":20,"column":3}},"4":{"start":{"line":15,"column":4},"end":{"line":17,"column":6}},"5":{"start":{"line":19,"column":4},"end":{"line":19,"column":25}},"6":{"start":{"line":22,"column":2},"end":{"line":31,"column":3}},"7":{"start":{"line":23,"column":23},"end":{"line":23,"column":63}},"8":{"start":{"line":30,"column":4},"end":{"line":30,"column":32}},"9":{"start":{"line":33,"column":2},"end":{"line":42,"column":3}},"10":{"start":{"line":34,"column":23},"end":{"line":34,"column":69}},"11":{"start":{"line":41,"column":4},"end":{"line":41,"column":32}},"12":{"start":{"line":44,"column":2},"end":{"line":53,"column":3}},"13":{"start":{"line":45,"column":32},"end":{"line":45,"column":63}},"14":{"start":{"line":46,"column":4},"end":{"line":46,"column":34}},"15":{"start":{"line":47,"column":4},"end":{"line":50,"column":6}},"16":{"start":{"line":52,"column":4},"end":{"line":52,"column":32}},"17":{"start":{"line":55,"column":2},"end":{"line":60,"column":3}},"18":{"start":{"line":56,"column":17},"end":{"line":56,"column":44}},"19":{"start":{"line":57,"column":17},"end":{"line":57,"column":33}},"20":{"start":{"line":58,"column":19},"end":{"line":58,"column":55}},"21":{"start":{"line":59,"column":4},"end":{"line":59,"column":47}},"22":{"start":{"line":63,"column":2},"end":{"line":72,"column":3}},"23":{"start":{"line":64,"column":29},"end":{"line":64,"column":64}},"24":{"start":{"line":65,"column":24},"end":{"line":65,"column":42}},"25":{"start":{"line":66,"column":4},"end":{"line":70,"column":5}},"26":{"start":{"line":67,"column":6},"end":{"line":69,"column":8}},"27":{"start":{"line":71,"column":4},"end":{"line":71,"column":32}},"28":{"start":{"line":74,"column":2},"end":{"line":74,"column":25}},"29":{"start":{"line":75,"column":2},"end":{"line":75,"column":23}},"30":{"start":{"line":79,"column":2},"end":{"line":83,"column":3}},"31":{"start":{"line":80,"column":4},"end":{"line":80,"column":49}},"32":{"start":{"line":81,"column":4},"end":{"line":81,"column":27}},"33":{"start":{"line":82,"column":4},"end":{"line":82,"column":25}},"34":{"start":{"line":85,"column":2},"end":{"line":85,"column":52}},"35":{"start":{"line":86,"column":2},"end":{"line":86,"column":25}},"36":{"start":{"line":87,"column":2},"end":{"line":87,"column":23}},"37":{"start":{"line":91,"column":2},"end":{"line":91,"column":79}},"38":{"start":{"line":91,"column":50},"end":{"line":91,"column":78}}},"fnMap":{"0":{"name":"routes","decl":{"start":{"line":11,"column":15},"end":{"line":11,"column":21}},"loc":{"start":{"line":11,"column":41},"end":{"line":76,"column":1}},"line":11},"1":{"name":"handleError","decl":{"start":{"line":78,"column":9},"end":{"line":78,"column":20}},"loc":{"start":{"line":78,"column":38},"end":{"line":88,"column":1}},"line":78},"2":{"name":"handler","decl":{"start":{"line":90,"column":16},"end":{"line":90,"column":23}},"loc":{"start":{"line":90,"column":43},"end":{"line":92,"column":1}},"line":90},"3":{"name":"(anonymous_3)","decl":{"start":{"line":91,"column":41},"end":{"line":91,"column":42}},"loc":{"start":{"line":91,"column":50},"end":{"line":91,"column":78}},"line":91}},"branchMap":{"0":{"loc":{"start":{"line":14,"column":2},"end":{"line":20,"column":3}},"type":"if","locations":[{"start":{"line":14,"column":2},"end":{"line":20,"column":3}},{"start":{},"end":{}}],"line":14},"1":{"loc":{"start":{"line":14,"column":6},"end":{"line":14,"column":37}},"type":"binary-expr","locations":[{"start":{"line":14,"column":6},"end":{"line":14,"column":22}},{"start":{"line":14,"column":26},"end":{"line":14,"column":37}}],"line":14},"2":{"loc":{"start":{"line":22,"column":2},"end":{"line":31,"column":3}},"type":"if","locations":[{"start":{"line":22,"column":2},"end":{"line":31,"column":3}},{"start":{},"end":{}}],"line":22},"3":{"loc":{"start":{"line":22,"column":6},"end":{"line":22,"column":41}},"type":"binary-expr","locations":[{"start":{"line":22,"column":6},"end":{"line":22,"column":22}},{"start":{"line":22,"column":26},"end":{"line":22,"column":41}}],"line":22},"4":{"loc":{"start":{"line":33,"column":2},"end":{"line":42,"column":3}},"type":"if","locations":[{"start":{"line":33,"column":2},"end":{"line":42,"column":3}},{"start":{},"end":{}}],"line":33},"5":{"loc":{"start":{"line":33,"column":6},"end":{"line":33,"column":47}},"type":"binary-expr","locations":[{"start":{"line":33,"column":6},"end":{"line":33,"column":22}},{"start":{"line":33,"column":26},"end":{"line":33,"column":47}}],"line":33},"6":{"loc":{"start":{"line":44,"column":2},"end":{"line":53,"column":3}},"type":"if","locations":[{"start":{"line":44,"column":2},"end":{"line":53,"column":3}},{"start":{},"end":{}}],"line":44},"7":{"loc":{"start":{"line":44,"column":6},"end":{"line":44,"column":49}},"type":"binary-expr","locations":[{"start":{"line":44,"column":6},"end":{"line":44,"column":22}},{"start":{"line":44,"column":26},"end":{"line":44,"column":49}}],"line":44},"8":{"loc":{"start":{"line":55,"column":2},"end":{"line":60,"column":3}},"type":"if","locations":[{"start":{"line":55,"column":2},"end":{"line":60,"column":3}},{"start":{},"end":{}}],"line":55},"9":{"loc":{"start":{"line":55,"column":6},"end":{"line":55,"column":48}},"type":"binary-expr","locations":[{"start":{"line":55,"column":6},"end":{"line":55,"column":23}},{"start":{"line":55,"column":27},"end":{"line":55,"column":48}}],"line":55},"10":{"loc":{"start":{"line":63,"column":2},"end":{"line":72,"column":3}},"type":"if","locations":[{"start":{"line":63,"column":2},"end":{"line":72,"column":3}},{"start":{},"end":{}}],"line":63},"11":{"loc":{"start":{"line":66,"column":4},"end":{"line":70,"column":5}},"type":"if","locations":[{"start":{"line":66,"column":4},"end":{"line":70,"column":5}},{"start":{},"end":{}}],"line":66},"12":{"loc":{"start":{"line":79,"column":2},"end":{"line":83,"column":3}},"type":"if","locations":[{"start":{"line":79,"column":2},"end":{"line":83,"column":3}},{"start":{},"end":{}}],"line":79}},"s":{"0":1,"1":1,"2":8,"3":8,"4":1,"5":1,"6":7,"7":1,"8":1,"9":6,"10":1,"11":1,"12":5,"13":0,"14":0,"15":0,"16":0,"17":5,"18":0,"19":0,"20":0,"21":0,"22":5,"23":4,"24":2,"25":2,"26":1,"27":2,"28":1,"29":1,"30":2,"31":1,"32":1,"33":1,"34":1,"35":1,"36":1,"37":8,"38":2},"f":{"0":8,"1":2,"2":8,"3":2},"b":{"0":[1,7],"1":[8,7],"2":[1,6],"3":[7,6],"4":[1,5],"5":[6,5],"6":[0,5],"7":[5,4],"8":[0,5],"9":[5,1],"10":[4,1],"11":[1,1],"12":[1,1]},"_coverageSchema":"1a1c01bbd47fc00a2c39e90264f33305004495a9","hash":"9471c16bc915da14e873f660648915ccd934f69d"}
,"/Users/mathsena/Desktop/Projetos/semana-js-expert06/server/service.js": {"path":"/Users/mathsena/Desktop/Projetos/semana-js-expert06/server/service.js","statementMap":{"0":{"start":{"line":16,"column":4},"end":{"line":16,"column":10}},"1":{"start":{"line":19,"column":4},"end":{"line":19,"column":34}},"2":{"start":{"line":20,"column":4},"end":{"line":20,"column":42}},"3":{"start":{"line":21,"column":4},"end":{"line":21,"column":27}},"4":{"start":{"line":22,"column":4},"end":{"line":22,"column":31}},"5":{"start":{"line":23,"column":4},"end":{"line":23,"column":29}},"6":{"start":{"line":27,"column":15},"end":{"line":27,"column":27}},"7":{"start":{"line":28,"column":25},"end":{"line":28,"column":42}},"8":{"start":{"line":29,"column":4},"end":{"line":29,"column":44}},"9":{"start":{"line":31,"column":4},"end":{"line":34,"column":5}},"10":{"start":{"line":38,"column":4},"end":{"line":38,"column":33}},"11":{"start":{"line":42,"column":4},"end":{"line":42,"column":42}},"12":{"start":{"line":46,"column":4},"end":{"line":67,"column":5}},"13":{"start":{"line":47,"column":19},"end":{"line":51,"column":7}},"14":{"start":{"line":56,"column":10},"end":{"line":56,"column":39}},"15":{"start":{"line":58,"column":6},"end":{"line":58,"column":77}},"16":{"start":{"line":60,"column":31},"end":{"line":60,"column":76}},"17":{"start":{"line":60,"column":62},"end":{"line":60,"column":75}},"18":{"start":{"line":61,"column":6},"end":{"line":61,"column":51}},"19":{"start":{"line":61,"column":17},"end":{"line":61,"column":51}},"20":{"start":{"line":62,"column":6},"end":{"line":62,"column":58}},"21":{"start":{"line":64,"column":6},"end":{"line":64,"column":51}},"22":{"start":{"line":66,"column":6},"end":{"line":66,"column":28}},"23":{"start":{"line":71,"column":4},"end":{"line":84,"column":6}},"24":{"start":{"line":73,"column":8},"end":{"line":80,"column":9}},"25":{"start":{"line":74,"column":10},"end":{"line":77,"column":11}},"26":{"start":{"line":75,"column":12},"end":{"line":75,"column":41}},"27":{"start":{"line":76,"column":12},"end":{"line":76,"column":20}},"28":{"start":{"line":79,"column":10},"end":{"line":79,"column":29}},"29":{"start":{"line":82,"column":8},"end":{"line":82,"column":12}},"30":{"start":{"line":87,"column":4},"end":{"line":87,"column":52}},"31":{"start":{"line":88,"column":21},"end":{"line":89,"column":64}},"32":{"start":{"line":90,"column":31},"end":{"line":90,"column":77}},"33":{"start":{"line":91,"column":26},"end":{"line":93,"column":5}},"34":{"start":{"line":94,"column":4},"end":{"line":98,"column":5}},"35":{"start":{"line":102,"column":4},"end":{"line":102,"column":35}},"36":{"start":{"line":106,"column":4},"end":{"line":106,"column":40}},"37":{"start":{"line":111,"column":25},"end":{"line":111,"column":52}},"38":{"start":{"line":113,"column":4},"end":{"line":113,"column":41}},"39":{"start":{"line":114,"column":21},"end":{"line":114,"column":42}},"40":{"start":{"line":115,"column":4},"end":{"line":118,"column":5}},"41":{"start":{"line":122,"column":27},"end":{"line":122,"column":55}},"42":{"start":{"line":123,"column":4},"end":{"line":126,"column":5}}},"fnMap":{"0":{"name":"(anonymous_0)","decl":{"start":{"line":18,"column":2},"end":{"line":18,"column":3}},"loc":{"start":{"line":18,"column":16},"end":{"line":24,"column":3}},"line":18},"1":{"name":"(anonymous_1)","decl":{"start":{"line":26,"column":2},"end":{"line":26,"column":3}},"loc":{"start":{"line":26,"column":23},"end":{"line":35,"column":3}},"line":26},"2":{"name":"(anonymous_2)","decl":{"start":{"line":37,"column":2},"end":{"line":37,"column":3}},"loc":{"start":{"line":37,"column":25},"end":{"line":39,"column":3}},"line":37},"3":{"name":"(anonymous_3)","decl":{"start":{"line":41,"column":2},"end":{"line":41,"column":3}},"loc":{"start":{"line":41,"column":27},"end":{"line":43,"column":3}},"line":41},"4":{"name":"(anonymous_4)","decl":{"start":{"line":45,"column":2},"end":{"line":45,"column":3}},"loc":{"start":{"line":45,"column":25},"end":{"line":68,"column":3}},"line":45},"5":{"name":"(anonymous_5)","decl":{"start":{"line":60,"column":52},"end":{"line":60,"column":53}},"loc":{"start":{"line":60,"column":62},"end":{"line":60,"column":75}},"line":60},"6":{"name":"(anonymous_6)","decl":{"start":{"line":70,"column":2},"end":{"line":70,"column":3}},"loc":{"start":{"line":70,"column":14},"end":{"line":85,"column":3}},"line":70},"7":{"name":"(anonymous_7)","decl":{"start":{"line":72,"column":13},"end":{"line":72,"column":14}},"loc":{"start":{"line":72,"column":33},"end":{"line":83,"column":7}},"line":72},"8":{"name":"(anonymous_8)","decl":{"start":{"line":86,"column":2},"end":{"line":86,"column":3}},"loc":{"start":{"line":86,"column":26},"end":{"line":99,"column":3}},"line":86},"9":{"name":"(anonymous_9)","decl":{"start":{"line":101,"column":2},"end":{"line":101,"column":3}},"loc":{"start":{"line":101,"column":19},"end":{"line":103,"column":3}},"line":101},"10":{"name":"(anonymous_10)","decl":{"start":{"line":105,"column":2},"end":{"line":105,"column":3}},"loc":{"start":{"line":105,"column":29},"end":{"line":107,"column":3}},"line":105},"11":{"name":"(anonymous_11)","decl":{"start":{"line":109,"column":2},"end":{"line":109,"column":3}},"loc":{"start":{"line":109,"column":26},"end":{"line":119,"column":3}},"line":109},"12":{"name":"(anonymous_12)","decl":{"start":{"line":121,"column":2},"end":{"line":121,"column":3}},"loc":{"start":{"line":121,"column":28},"end":{"line":127,"column":3}},"line":121}},"branchMap":{"0":{"loc":{"start":{"line":61,"column":6},"end":{"line":61,"column":51}},"type":"if","locations":[{"start":{"line":61,"column":6},"end":{"line":61,"column":51}},{"start":{},"end":{}}],"line":61},"1":{"loc":{"start":{"line":74,"column":10},"end":{"line":77,"column":11}},"type":"if","locations":[{"start":{"line":74,"column":10},"end":{"line":77,"column":11}},{"start":{},"end":{}}],"line":74}},"s":{"0":1,"1":1,"2":1,"3":1,"4":1,"5":1,"6":0,"7":0,"8":0,"9":0,"10":0,"11":0,"12":0,"13":0,"14":0,"15":0,"16":0,"17":0,"18":0,"19":0,"20":0,"21":0,"22":0,"23":0,"24":0,"25":0,"26":0,"27":0,"28":0,"29":0,"30":0,"31":0,"32":0,"33":0,"34":0,"35":0,"36":0,"37":0,"38":0,"39":0,"40":0,"41":0,"42":0},"f":{"0":1,"1":0,"2":0,"3":0,"4":0,"5":0,"6":0,"7":0,"8":0,"9":0,"10":0,"11":0,"12":0},"b":{"0":[0,0],"1":[0,0]},"_coverageSchema":"1a1c01bbd47fc00a2c39e90264f33305004495a9","hash":"4699c3ac1c872c21adcd76b94b7d2124b37f2136"}
,"/Users/mathsena/Desktop/Projetos/semana-js-expert06/server/util.js": {"path":"/Users/mathsena/Desktop/Projetos/semana-js-expert06/server/util.js","statementMap":{"0":{"start":{"line":4,"column":12},"end":{"line":12,"column":2}},"1":{"start":{"line":14,"column":22},"end":{"line":14,"column":25}}},"fnMap":{},"branchMap":{},"s":{"0":1,"1":1},"f":{},"b":{},"_coverageSchema":"1a1c01bbd47fc00a2c39e90264f33305004495a9","hash":"09927afdef76d7e2f0b4c4f7cf022299e0e2a7e3"}
,"/Users/mathsena/Desktop/Projetos/semana-js-expert06/tests/unit/_util/testUtil.js": {"path":"/Users/mathsena/Desktop/Projetos/semana-js-expert06/tests/unit/_util/testUtil.js","statementMap":{"0":{"start":{"line":6,"column":4},"end":{"line":14,"column":6}},"1":{"start":{"line":8,"column":8},"end":{"line":10,"column":9}},"2":{"start":{"line":9,"column":10},"end":{"line":9,"column":25}},"3":{"start":{"line":12,"column":8},"end":{"line":12,"column":23}},"4":{"start":{"line":18,"column":4},"end":{"line":24,"column":6}},"5":{"start":{"line":20,"column":8},"end":{"line":20,"column":21}},"6":{"start":{"line":22,"column":8},"end":{"line":22,"column":23}},"7":{"start":{"line":28,"column":26},"end":{"line":30,"column":6}},"8":{"start":{"line":31,"column":21},"end":{"line":31,"column":62}},"9":{"start":{"line":32,"column":17},"end":{"line":42,"column":5}},"10":{"start":{"line":44,"column":4},"end":{"line":47,"column":5}},"11":{"start":{"line":45,"column":20},"end":{"line":45,"column":39}}},"fnMap":{"0":{"name":"(anonymous_0)","decl":{"start":{"line":5,"column":2},"end":{"line":5,"column":3}},"loc":{"start":{"line":5,"column":38},"end":{"line":15,"column":3}},"line":5},"1":{"name":"(anonymous_1)","decl":{"start":{"line":7,"column":6},"end":{"line":7,"column":7}},"loc":{"start":{"line":7,"column":13},"end":{"line":13,"column":7}},"line":7},"2":{"name":"(anonymous_2)","decl":{"start":{"line":17,"column":2},"end":{"line":17,"column":3}},"loc":{"start":{"line":17,"column":40},"end":{"line":25,"column":3}},"line":17},"3":{"name":"(anonymous_3)","decl":{"start":{"line":19,"column":6},"end":{"line":19,"column":7}},"loc":{"start":{"line":19,"column":28},"end":{"line":23,"column":7}},"line":19},"4":{"name":"(anonymous_4)","decl":{"start":{"line":27,"column":2},"end":{"line":27,"column":3}},"loc":{"start":{"line":27,"column":31},"end":{"line":48,"column":3}},"line":27},"5":{"name":"(anonymous_5)","decl":{"start":{"line":31,"column":53},"end":{"line":31,"column":54}},"loc":{"start":{"line":31,"column":59},"end":{"line":31,"column":61}},"line":31},"6":{"name":"(anonymous_6)","decl":{"start":{"line":45,"column":14},"end":{"line":45,"column":15}},"loc":{"start":{"line":45,"column":20},"end":{"line":45,"column":39}},"line":45}},"branchMap":{},"s":{"0":12,"1":0,"2":0,"3":0,"4":8,"5":0,"6":0,"7":8,"8":8,"9":8,"10":8,"11":8},"f":{"0":12,"1":0,"2":8,"3":0,"4":8,"5":0,"6":8},"b":{},"_coverageSchema":"1a1c01bbd47fc00a2c39e90264f33305004495a9","hash":"507b6759bc52f30799700de7bcb16cec06f95d8b"}
}
