TN:
SF:public/controller/js/view.js
FN:2,(anonymous_0)
FN:5,(anonymous_1)
FN:8,onBtnClick
FN:14,(anonymous_3)
FN:19,(anonymous_4)
FN:20,(anonymous_5)
FN:23,onClickReset
FN:27,(anonymous_7)
FN:31,(anonymous_8)
FN:38,(anonymous_9)
FN:42,(anonymous_10)
FN:54,(anonymous_11)
FN:63,(anonymous_12)
FN:68,(anonymous_13)
FN:77,(anonymous_14)
FN:84,(anonymous_15)
FN:87,(anonymous_16)
FN:89,(anonymous_17)
FNF:18
FNH:5
FNDA:3,(anonymous_0)
FNDA:0,(anonymous_1)
FNDA:0,onBtnClick
FNDA:1,(anonymous_3)
FNDA:2,(anonymous_4)
FNDA:2,(anonymous_5)
FNDA:2,onClickReset
FNDA:0,(anonymous_7)
FNDA:0,(anonymous_8)
FNDA:0,(anonymous_9)
FNDA:0,(anonymous_10)
FNDA:0,(anonymous_11)
FNDA:0,(anonymous_12)
FNDA:0,(anonymous_13)
FNDA:0,(anonymous_14)
FNDA:0,(anonymous_15)
FNDA:0,(anonymous_16)
FNDA:0,(anonymous_17)
DA:3,3
DA:4,3
DA:5,3
DA:7,3
DA:9,3
DA:11,3
DA:15,1
DA:16,1
DA:20,2
DA:21,2
DA:22,2
DA:24,2
DA:28,0
DA:32,0
DA:33,0
DA:34,0
DA:35,0
DA:37,0
DA:38,0
DA:43,0
DA:44,0
DA:46,0
DA:47,0
DA:48,0
DA:51,0
DA:57,0
DA:59,0
DA:61,0
DA:62,0
DA:63,0
DA:69,0
DA:70,0
DA:71,0
DA:74,0
DA:78,0
DA:79,0
DA:81,0
DA:85,0
DA:87,0
DA:90,0
DA:91,0
DA:92,0
DA:93,0
DA:96,0
DA:97,0
LF:45
LH:12
BRDA:19,0,0,1
BRDA:21,1,0,1
BRDA:21,1,1,1
BRDA:44,2,0,0
BRDA:44,2,1,0
BRDA:46,3,0,0
BRDA:46,3,1,0
BRDA:69,4,0,0
BRDA:69,4,1,0
BRDA:89,5,0,0
BRDA:90,6,0,0
BRDA:90,6,1,0
BRF:12
BRH:3
end_of_record
TN:
SF:server/config.js
FNF:0
FNH:0
DA:3,1
DA:4,1
DA:5,1
DA:6,1
DA:7,1
LF:5
LH:5
BRDA:9,0,0,1
BRDA:9,0,1,1
BRF:2
BRH:2
end_of_record
TN:
SF:server/controller.js
FN:5,(anonymous_0)
FN:9,(anonymous_1)
FN:12,(anonymous_2)
FN:30,(anonymous_3)
FN:33,(anonymous_4)
FNF:5
FNH:1
FNDA:1,(anonymous_0)
FNDA:0,(anonymous_1)
FNDA:0,(anonymous_2)
FNDA:0,(anonymous_3)
FNDA:0,(anonymous_4)
DA:6,1
DA:10,0
DA:13,0
DA:14,0
DA:18,0
DA:19,0
DA:20,0
DA:21,0
DA:24,0
DA:25,0
DA:26,0
DA:31,0
DA:33,0
DA:34,0
DA:35,0
DA:38,0
LF:16
LH:1
BRDA:19,0,0,0
BRDA:19,0,1,0
BRDA:24,1,0,0
BRDA:24,1,1,0
BRF:4
BRH:0
end_of_record
TN:
SF:server/routes.js
FN:11,routes
FN:78,handleError
FN:90,handler
FN:91,(anonymous_3)
FNF:4
FNH:4
FNDA:8,routes
FNDA:2,handleError
FNDA:8,handler
FNDA:2,(anonymous_3)
DA:8,1
DA:10,1
DA:12,8
DA:14,8
DA:15,1
DA:19,1
DA:22,7
DA:23,1
DA:30,1
DA:33,6
DA:34,1
DA:41,1
DA:44,5
DA:45,0
DA:46,0
DA:47,0
DA:52,0
DA:55,5
DA:56,0
DA:57,0
DA:58,0
DA:59,0
DA:63,5
DA:64,4
DA:65,2
DA:66,2
DA:67,1
DA:71,2
DA:74,1
DA:75,1
DA:79,2
DA:80,1
DA:81,1
DA:82,1
DA:85,1
DA:86,1
DA:87,1
DA:91,8
LF:38
LH:30
BRDA:14,0,0,1
BRDA:14,0,1,7
BRDA:14,1,0,8
BRDA:14,1,1,7
BRDA:22,2,0,1
BRDA:22,2,1,6
BRDA:22,3,0,7
BRDA:22,3,1,6
BRDA:33,4,0,1
BRDA:33,4,1,5
BRDA:33,5,0,6
BRDA:33,5,1,5
BRDA:44,6,0,0
BRDA:44,6,1,5
BRDA:44,7,0,5
BRDA:44,7,1,4
BRDA:55,8,0,0
BRDA:55,8,1,5
BRDA:55,9,0,5
BRDA:55,9,1,1
BRDA:63,10,0,4
BRDA:63,10,1,1
BRDA:66,11,0,1
BRDA:66,11,1,1
BRDA:79,12,0,1
BRDA:79,12,1,1
BRF:26
BRH:24
end_of_record
TN:
SF:server/service.js
FN:18,(anonymous_0)
FN:26,(anonymous_1)
FN:37,(anonymous_2)
FN:41,(anonymous_3)
FN:45,(anonymous_4)
FN:60,(anonymous_5)
FN:70,(anonymous_6)
FN:72,(anonymous_7)
FN:86,(anonymous_8)
FN:101,(anonymous_9)
FN:105,(anonymous_10)
FN:109,(anonymous_11)
FN:121,(anonymous_12)
FNF:13
FNH:1
FNDA:1,(anonymous_0)
FNDA:0,(anonymous_1)
FNDA:0,(anonymous_2)
FNDA:0,(anonymous_3)
FNDA:0,(anonymous_4)
FNDA:0,(anonymous_5)
FNDA:0,(anonymous_6)
FNDA:0,(anonymous_7)
FNDA:0,(anonymous_8)
FNDA:0,(anonymous_9)
FNDA:0,(anonymous_10)
FNDA:0,(anonymous_11)
FNDA:0,(anonymous_12)
DA:16,1
DA:19,1
DA:20,1
DA:21,1
DA:22,1
DA:23,1
DA:27,0
DA:28,0
DA:29,0
DA:31,0
DA:38,0
DA:42,0
DA:46,0
DA:47,0
DA:56,0
DA:58,0
DA:60,0
DA:61,0
DA:62,0
DA:64,0
DA:66,0
DA:71,0
DA:73,0
DA:74,0
DA:75,0
DA:76,0
DA:79,0
DA:82,0
DA:87,0
DA:88,0
DA:90,0
DA:91,0
DA:94,0
DA:102,0
DA:106,0
DA:111,0
DA:113,0
DA:114,0
DA:115,0
DA:122,0
DA:123,0
LF:41
LH:6
BRDA:61,0,0,0
BRDA:61,0,1,0
BRDA:74,1,0,0
BRDA:74,1,1,0
BRF:4
BRH:0
end_of_record
TN:
SF:server/util.js
FNF:0
FNH:0
DA:4,1
DA:14,1
LF:2
LH:2
BRF:0
BRH:0
end_of_record
TN:
SF:tests/unit/_util/testUtil.js
FN:5,(anonymous_0)
FN:7,(anonymous_1)
FN:17,(anonymous_2)
FN:19,(anonymous_3)
FN:27,(anonymous_4)
FN:31,(anonymous_5)
FN:45,(anonymous_6)
FNF:7
FNH:4
FNDA:12,(anonymous_0)
FNDA:0,(anonymous_1)
FNDA:8,(anonymous_2)
FNDA:0,(anonymous_3)
FNDA:8,(anonymous_4)
FNDA:0,(anonymous_5)
FNDA:8,(anonymous_6)
DA:6,12
DA:8,0
DA:9,0
DA:12,0
DA:18,8
DA:20,0
DA:22,0
DA:28,8
DA:31,8
DA:32,8
DA:44,8
DA:45,8
LF:12
LH:7
BRF:0
BRH:0
end_of_record
